<?xml version="1.0" encoding="UTF-8"?>
<!-- Generated by org.testng.reporters.JUnitReportReporter -->
<testsuite hostname="DESKTOP-JORRGE8" name="com.runner.RunnerClass" tests="4" failures="0" timestamp="5 Dec 2023 20:47:36 GMT" time="71.516" errors="0">
  <testcase name="runScenario" time="13.933" classname="com.runner.RunnerClass"/>
  <testcase name="runScenario" time="39.752" classname="com.runner.RunnerClass"/>
  <testcase name="runScenario" time="0.023" classname="com.runner.RunnerClass"/>
  <testcase name="runScenario" time="17.808" classname="com.runner.RunnerClass"/>
</testsuite> <!-- com.runner.RunnerClass -->
